SteganographyTool/app/proguard-rules.pro
# Add project specific ProGuard rules here.

# jaudiotagger keep rules (mandatory for release builds)
-keep class org.jaudiotagger.** { *; }
-dontwarn org.jaudiotagger.**