SteganographyTool/app/build/outputs/mapping/release/seeds.txt
com.apermesa.stegtool.MainActivity
com.apermesa.stegtool.MainActivity: MainActivity()
...
androidx.appcompat.widget.AppCompatCheckBox: android.content.res.ColorStateList getSupportCompoundDrawablesTintList()
androidx.core.view.WindowInsetsCompat$Impl: void copyWindowDataInto(androidx.core.view.WindowInsetsCompat)
com.google.android.material.textfield.TextInputLayout: void setStartIconTintMode(android.graphics.PorterDuff$Mode)
androidx.core.view.ViewCompat$Api16Impl: boolean getFitsSystemWindows(android.view.View)
com.google.android.material.button.MaterialButton: void setStrokeWidthResource(int)
androidx.constraintlayout.core.widgets.ConstraintAnchor$Type: androidx.constraintlayout.core.widgets.ConstraintAnchor$Type valueOf(java.lang.String)
com.google.android.material.chip.Chip: android.content.res.ColorStateList getRippleColor()
androidx.appcompat.widget.LinearLayoutCompat: int getShowDividers()
androidx.core.view.MenuItemCompat$Api26Impl: android.view.MenuItem setAlphabeticShortcut(android.view.MenuItem,char,int)
androidx.appcompat.widget.Toolbar: android.content.Context getPopupContext()
kotlinx.coroutines.android.AndroidExceptionPreHandler: void handleException(kotlin.coroutines.CoroutineContext,java.lang.Throwable)
com.google.android.material.chip.Chip: float getChipMinHeight()
com.google.android.material.chip.Chip: void setCheckedIconTint(android.content.res.ColorStateList)
androidx.appcompat.widget.AppCompatButton: void setSupportAllCaps(boolean)
androidx.core.view.WindowInsetsCompat$Impl20: boolean isRound()
com.google.android.material.chip.Chip: float getTextStartPadding()
androidx.constraintlayout.widget.ConstraintAttribute$AttributeType: androidx.constraintlayout.widget.ConstraintAttribute$AttributeType valueOf(java.lang.String)
androidx.core.view.DisplayCutoutCompat$Api28Impl: java.util.List getBoundingRects(android.view.DisplayCutout)
androidx.lifecycle.ReportFragment$LifecycleCallbacks: void onActivityPrePaused(android.app.Activity)
androidx.appcompat.widget.Toolbar: void setTitle(int)
androidx.vectordrawable.graphics.drawable.VectorDrawableCompat$VGroup: java.lang.String getGroupName()
androidx.appcompat.widget.ActionBarOverlayLayout: void setShowingForActionMode(boolean)
androidx.appcompat.widget.AppCompatToggleButton: void setBackgroundResource(int)
com.google.android.material.snackbar.SnackbarContentLayout: void setMaxInlineActionWidth(int)
com.google.android.material.button.MaterialButtonToggleGroup: int getVisibleButtonCount()
com.google.android.material.datepicker.MaterialCalendar$CalendarSelector: com.google.android.material.datepicker.MaterialCalendar$CalendarSelector[] values()
androidx.lifecycle.Lifecycle$Event: androidx.lifecycle.Lifecycle$Event valueOf(java.lang.String)
androidx.appcompat.widget.AppCompatImageButton: void setBackgroundResource(int)
com.google.android.material.textfield.TextInputLayout: void setErrorIconOnClickListener(android.view.View$OnClickListener)
androidx.appcompat.widget.ActionMenuView: android.view.Menu getMenu()
androidx.appcompat.widget.Toolbar: android.view.View getNavButtonView()
androidx.appcompat.widget.Toolbar: java.lang.CharSequence getSubtitle()
androidx.core.graphics.drawable.IconCompat$Api28Impl: int getResId(java.lang.Object)
androidx.core.view.MenuItemCompat$Api26Impl: android.view.MenuItem setNumericShortcut(android.view.MenuItem,char,int)
androidx.core.graphics.drawable.IconCompat$Api23Impl: android.graphics.drawable.Drawable loadDrawable(android.graphics.drawable.Icon,android.content.Context)
androidx.appcompat.widget.AppCompatImageView: android.content.res.ColorStateList getSupportImageTintList()
androidx.appcompat.widget.AppCompatTextViewAutoSizeHelper$Api18Impl: boolean isInLayout(android.view.View)
androidx.appcompat.widget.AppCompatTextView: void setTextFuture(java.util.concurrent.Future)
androidx.recyclerview.widget.RecyclerView: void setScrollState(int)
com.google.android.material.textfield.TextInputLayout: android.content.res.ColorStateList getCounterTextColor()