SteganographyTool/app/build/outputs/mapping/release/mapping.txt
# compiler: R8
# compiler_version: 8.5.35
# min_api: 21
# common_typos_disable
# {"id":"com.android.tools.r8.mapping","version":"2.2"}
# pg_map_id: e9f58eb
# pg_map_hash: SHA-256 e9f58eb9cb685eba354ba7e8dcb7f2d8e070130fa9631d58812c43f36fff34c4
com.apermesa.stegtool.MainActivity -> com.apermesa.stegtool.MainActivity:
# {"id":"sourceFile","fileName":"MainActivity.kt"}
    androidx.activity.result.ActivityResultLauncher pickMediaLauncher -> A
      # {"id":"com.android.tools.r8.residualsignature","signature":"Lc/d;"}
    androidx.activity.result.ActivityResultLauncher pickFileLauncher -> B
      # {"id":"com.android.tools.r8.residualsignature","signature":"Lc/d;"}
    androidx.activity.result.ActivityResultLauncher pickMp3Launcher -> C
      # {"id":"com.android.tools.r8.residualsignature","signature":"Lc/d;"}
    kotlin.jvm.functions.Function0 pendingAction -> D
      # {"id":"com.android.tools.r8.residualsignature","signature":"LV0/a;"}
    androidx.activity.result.ActivityResultLauncher requestPermissionLauncher -> E
      # {"id":"com.android.tools.r8.residualsignature","signature":"Lc/d;"}
    int $r8$clinit -> F
      # {"id":"com.android.tools.r8.synthesized"}
    android.widget.TextView tvStatus -> w
    android.widget.Button btnEmbedMedia -> x
    android.widget.Button btnEmbedFile -> y
    android.widget.Button btnExtract -> z
    7:9:void androidx.activity.result.contract.ActivityResultContract.<init>():0:0 -> <init>
    7:9:void androidx.activity.result.contract.ActivityResultContracts$PickVisualMedia.<init>():0 -> <init>
    7:9:void <init>():0 -> <init>
    10:24:void <init>():0:0 -> <init>
    25:27:void androidx.activity.result.contract.ActivityResultContract.<init>():0:0 -> <init>
com.apermesa.stegtool.MainActivity$$ExternalSyntheticLambda0 -> k0.a:
# {"id":"sourceFile","fileName":"R8$$SyntheticClass"}
# {"id":"com.android.tools.r8.synthesized"}
    int k0.MainActivity$$ExternalSyntheticLambda0.$r8$classId -> a
      # {"id":"com.android.tools.r8.synthesized"}
    com.apermesa.stegtool.MainActivity com.apermesa.stegtool.MainActivity$$InternalSyntheticLambda$1$8dac1482486b30262dfbc02aa6dece5d3e8fd6a34e6ba2e159bf006dc48f3998$0.f$0 -> b
      # {"id":"com.android.tools.r8.synthesized"}
    1:1:void k0.MainActivity$$ExternalSyntheticLambda0.<init>(com.apermesa.stegtool.MainActivity,int):0:0 -> <init>
      # {"id":"com.android.tools.r8.synthesized"}
    10:19:void com.apermesa.stegtool.MainActivity.onCreate$lambda$10(com.apermesa.stegtool.MainActivity,android.view.View):0:0 -> onClick
    10:19:void k0.MainActivity$$ExternalSyntheticLambda0.onClick(android.view.View):0 -> onClick
      # {"id":"com.android.tools.r8.synthesized"}
    20:21:void k0.MainActivity$$ExternalSyntheticLambda0.onClick(android.view.View):0:0 -> onClick
    22:31:void com.apermesa.stegtool.MainActivity.onCreate$lambda$8(com.apermesa.stegtool.MainActivity,android.view.View):0:0 -> onClick
    22:31:void k0.MainActivity$$ExternalSyntheticLambda0.onClick(android.view.View):0 -> onClick
    32:33:void k0.MainActivity$$ExternalSyntheticLambda0.onClick(android.view.View):0:0 -> onClick
...
androidx.appcompat.graphics.drawable.DrawableContainerCompat$Api21Impl -> R8$$REMOVED$$CLASS$$13:
# {"id":"sourceFile","fileName":"DrawableContainerCompat.java"}
androidx.appcompat.graphics.drawable.DrawableContainerCompat$BlockInvalidateCallback -> i.f:
# {"id":"sourceFile","fileName":"DrawableContainerCompat.java"}
    int i.DrawableContainerCompat$BlockInvalidateCallback.$r8$classId -> a
      # {"id":"com.android.tools.r8.synthesized"}
    android.graphics.drawable.Drawable$Callback mCallback -> b
      # {"id":"com.android.tools.r8.residualsignature","signature":"Ljava/lang/Object;"}
    1:1:void i.DrawableContainerCompat$BlockInvalidateCallback.<init>():0:0 -> <init>
      # {"id":"com.android.tools.r8.synthesized"}
    2:2:void androidx.vectordrawable.graphics.drawable.AnimatedVectorDrawableCompat$1.<init>(androidx.vectordrawable.graphics.drawable.AnimatedVectorDrawableCompat):0:0 -> <init>
      # {"id":"com.android.tools.r8.residualsignature","signature":"(Li0/e;)V"}
    1:1:void invalidateDrawable(android.graphics.drawable.Drawable):0:0 -> a
    6:14:void androidx.vectordrawable.graphics.drawable.AnimatedVectorDrawableCompat$1.invalidateDrawable(android.graphics.drawable.Drawable):0:0 -> invalidateDrawable
    6:13:void androidx.vectordrawable.graphics.drawable.AnimatedVectorDrawableCompat$1.scheduleDrawable(android.graphics.drawable.Drawable,java.lang.Runnable,long):0:0 -> scheduleDrawable
    14:24:void scheduleDrawable(android.graphics.drawable.Drawable,java.lang.Runnable,long):0:0 -> scheduleDrawable
androidx.appcompat.graphics.drawable.StateListDrawableCompat -> i.h:
# {"id":"sourceFile","fileName":"StateListDrawableCompat.java"}
    androidx.appcompat.graphics.drawable.StateListDrawableCompat$StateListState mStateListState -> n
      # {"id":"com.android.tools.r8.residualsignature","signature":"Li/b;"}
    boolean mMutated -> o
    1:11:void applyTheme(android.content.res.Resources$Theme):0:0 -> applyTheme
    10:11:void androidx.appcompat.graphics.drawable.AnimatedStateListDrawableCompat$AnimatedStateListState.mutate():0:0 -> mutate
    10:11:android.graphics.drawable.Drawable mutate():0 -> mutate
      # {"id":"com.android.tools.r8.rewriteFrame","conditions":["throws(Ljava/lang/NullPointerException;)"],"actions":["removeInnerFrames(1)"]}
    12:26:void androidx.appcompat.graphics.drawable.AnimatedStateListDrawableCompat$AnimatedStateListState.mutate():0:0 -> mutate
    12:26:android.graphics.drawable.Drawable mutate():0 -> mutate
    27:29:android.graphics.drawable.Drawable mutate():0:0 -> mutate
    boolean onStateChange(int[]) -> onStateChange
androidx.appcompat.graphics.drawable.StateListDrawableCompat$StateListState -> R8$$REMOVED$$CLASS$$14:
# {"id":"sourceFile","fileName":"StateListDrawableCompat.java"}
androidx.appcompat.resources.Compatibility$Api18Impl -> j.a:
# {"id":"sourceFile","fileName":"Compatibility.java"}
    1:4:void setAutoCancel(android.animation.ObjectAnimator,boolean):0:0 -> a
androidx.appcompat.resources.Compatibility$Api21Impl -> j.b:
# {"id":"sourceFile","fileName":"Compatibility.java"}
    1:5:android.graphics.drawable.Drawable createFromXmlInner(android.content.res.Resources,org.xmlpull.v1.XmlPullParser,android.util.AttributeSet,android.content.res.Resources$Theme):0:0 -> a
    1:5:int getChangingConfigurations(android.content.res.TypedArray):0:0 -> b
    1:4:void inflate(android.graphics.drawable.Drawable,android.content.res.Resources,org.xmlpull.v1.XmlPullParser,android.util.AttributeSet,android.content.res.Resources$Theme):0:0 -> c
androidx.appcompat.resources.R$styleable -> j.c:
    int[] AnimatedStateListDrawableCompat -> a
    int[] AnimatedStateListDrawableItem -> b
    int[] AnimatedStateListDrawableTransition -> c
    2:36:void <clinit>():0:0 -> <clinit>
androidx.appcompat.view.ActionBarPolicy -> R8$$REMOVED$$CLASS$$15:
# {"id":"sourceFile","fileName":"ActionBarPolicy.java"}