SteganographyTool/app/build/outputs/mapping/release/usage.txt
com.apermesa.stegtool.AudioEmbedder:
    private static final java.lang.String MIME_SENTINEL
com.apermesa.stegtool.R$id:
    private void <init>()
com.apermesa.stegtool.R$layout:
    private void <init>()
com.apermesa.stegtool.R$raw:
    private void <init>()
com.apermesa.stegtool.R$string:
    public static int app_name
    public static int author
    public static int btn_embed_file
    public static int btn_embed_media
    public static int btn_extract
    public static int permission_rationale
    public static int status_idle
    private void <init>()
com.apermesa.stegtool.R
com.apermesa.stegtool.databinding.ActivityMainBinding
com.apermesa.stegtool.AudioEmbedder:
    public static final com.apermesa.stegtool.AudioEmbedder INSTANCE
    static void <clinit>()
    public static byte[] buildGeobFrame()
    public static varargs byte[] buildId3v24Tag()
    public static java.io.File embedFile()
    public static java.util.List extractFiles()
    public static int indexOf1(byte[],int)
    public static int intDecode()
    public static kotlin.Pair parseGeobBody()
    public static java.lang.String resolveDisplayName()
    public static byte[] stripId3()
com.apermesa.stegtool.MainActivity$runEmbed$1$outFile$1:
    public int label
    public final java.lang.Object invoke$1()
com.apermesa.stegtool.MainActivity$runEmbed$1:
    public final java.lang.Object invoke$1()
com.apermesa.stegtool.MainActivity$runExtract$1$files$1:
    public int label
    public final java.lang.Object invoke$1()
com.apermesa.stegtool.MainActivity$runExtract$1:
    public final java.lang.Object invoke$1()
com.apermesa.stegtool.MainActivity:
    public final void runEmbed(android.net.Uri)
    public static void runExtract()
com.apermesa.stegtool.R$id
com.apermesa.stegtool.R$layout
com.apermesa.stegtool.R$raw
com.apermesa.stegtool.R$string
...
androidx.core.graphics.ImageDecoderKt
androidx.core.graphics.Insets$Api29Impl:
    private void <init>()
androidx.core.graphics.Insets:
    public static androidx.core.graphics.Insets add(androidx.core.graphics.Insets,androidx.core.graphics.Insets)
    public static androidx.core.graphics.Insets min(androidx.core.graphics.Insets,androidx.core.graphics.Insets)
    public static androidx.core.graphics.Insets subtract(androidx.core.graphics.Insets,androidx.core.graphics.Insets)
    public static androidx.core.graphics.Insets wrap(android.graphics.Insets)
androidx.core.graphics.MatrixKt
androidx.core.graphics.PaintCompat$Api23Impl:
    private void <init>()
androidx.core.graphics.PaintCompat$Api29Impl
androidx.core.graphics.PaintCompat:
    private static final java.lang.String EM_STRING
    private static final java.lang.String TOFU_STRING
    private void <init>()
    public static boolean setBlendMode(android.graphics.Paint,androidx.core.graphics.BlendModeCompat)
androidx.core.graphics.PaintKt
androidx.core.graphics.PathKt
androidx.core.graphics.PathParser:
    private static final java.lang.String LOGTAG
    private void <init>()
    public static boolean interpolatePathDataNodes(androidx.core.graphics.PathParser$PathDataNode[],androidx.core.graphics.PathParser$PathDataNode[],androidx.core.graphics.PathParser$PathDataNode[],float)
androidx.core.graphics.PathSegment
androidx.core.graphics.PathUtils$Api26Impl
androidx.core.graphics.PathUtils
androidx.core.graphics.PictureKt
androidx.core.graphics.PointKt
androidx.core.graphics.PorterDuffKt
androidx.core.graphics.RectKt
androidx.core.graphics.RegionKt$iterator$1
androidx.core.graphics.RegionKt
androidx.core.graphics.ShaderKt
androidx.core.graphics.TypefaceCompat:
    private void <init>()
    public static void clearCache()
    public static android.graphics.Typeface create(android.content.Context,android.graphics.Typeface,int,boolean)
    public static android.graphics.Typeface createFromResourcesFamilyXml(android.content.Context,androidx.core.content.res.FontResourcesParserCompat$FamilyResourceEntry,android.content.res.Resources,int,int,androidx.core.content.res.ResourcesCompat$FontCallback,android.os.Handler,boolean)
    public static android.graphics.Typeface createFromResourcesFontFile(android.content.Context,android.content.res.Resources,int,java.lang.String,int)
    public static android.graphics.Typeface findFromCache(android.content.res.Resources,int,int)
androidx.core.graphics.TypefaceCompatApi21Impl:
    private static final java.lang.String ADD_FONT_WEIGHT_STYLE_METHOD
    private static final java.lang.String CREATE_FROM_FAMILIES_WITH_DEFAULT_METHOD
    private static final java.lang.String FONT_FAMILY_CLASS
    private static final java.lang.String TAG
    android.graphics.Typeface createWeightStyle(android.content.Context,android.graphics.Typeface,int,boolean)
androidx.core.graphics.TypefaceCompatApi24Impl:
    private static final java.lang.String ADD_FONT_WEIGHT_STYLE_METHOD
    private static final java.lang.String CREATE_FROM_FAMILIES_WITH_DEFAULT_METHOD
    private static final java.lang.String FONT_FAMILY_CLASS
    private static final java.lang.String TAG
    android.graphics.Typeface createWeightStyle(android.content.Context,android.graphics.Typeface,int,boolean)
androidx.core.graphics.TypefaceCompatApi26Impl:
    private static final java.lang.String ABORT_CREATION_METHOD
    private static final java.lang.String ADD_FONT_FROM_ASSET_MANAGER_METHOD
    private static final java.lang.String ADD_FONT_FROM_BUFFER_METHOD
    private static final java.lang.String CREATE_FROM_FAMILIES_WITH_DEFAULT_METHOD
    private static final java.lang.String FONT_FAMILY_CLASS
    private static final java.lang.String FREEZE_METHOD
    private static final int RESOLVE_BY_FONT_TABLE
    private static final java.lang.String TAG
    android.graphics.Typeface createWeightStyle(android.content.Context,android.graphics.Typeface,int,boolean)